[debug] [2023-08-13T07:24:17.192Z] ----------------------------------------------------------------------
[debug] [2023-08-13T07:24:17.197Z] Command:       C:\Program Files\nodejs\node.exe C:\Users\HP\AppData\Roaming\npm\node_modules\firebase-tools\lib\bin\firebase.js init
[debug] [2023-08-13T07:24:17.198Z] CLI Version:   12.4.7
[debug] [2023-08-13T07:24:17.198Z] Platform:      win32
[debug] [2023-08-13T07:24:17.199Z] Node Version:  v18.16.0
[debug] [2023-08-13T07:24:17.212Z] Time:          Sun Aug 13 2023 12:54:17 GMT+0530 (India Standard Time)
[debug] [2023-08-13T07:24:17.213Z] ----------------------------------------------------------------------
[debug] 
[debug] [2023-08-13T07:24:17.432Z] > command requires scopes: ["email","openid","https://www.googleapis.com/auth/cloudplatformprojects.readonly","https://www.googleapis.com/auth/firebase","https://www.googleapis.com/auth/cloud-platform"]
[debug] [2023-08-13T07:24:17.433Z] > authorizing via signed-in user (webgreeds@gmail.com)
[info] 
     ######## #### ########  ######## ########     ###     ######  ########
     ##        ##  ##     ## ##       ##     ##  ##   ##  ##       ##
     ######    ##  ########  ######   ########  #########  ######  ######
     ##        ##  ##    ##  ##       ##     ## ##     ##       ## ##
     ##       #### ##     ## ######## ########  ##     ##  ######  ########

You're about to initialize a Firebase project in this directory:

  C:\laragon\www\teksol

Before we get started, keep in mind:

  * You are currently outside your home directory
  * You are initializing within an existing Firebase project directory

[info] 
=== Project Setup
[info] 
[info] First, let's associate this project directory with a Firebase project.
[info] You can create multiple project aliases by running firebase use --add, 
[info] but for now we'll just set up a default project.
[info] 
[debug] [2023-08-13T07:25:26.570Z] Using project from CLI flag: teksol
[debug] [2023-08-13T07:25:26.573Z] >>> [apiv2][query] GET https://firebase.googleapis.com/v1beta1/projects/teksol [none]
[debug] [2023-08-13T07:25:27.945Z] <<< [apiv2][status] GET https://firebase.googleapis.com/v1beta1/projects/teksol 403
[debug] [2023-08-13T07:25:27.946Z] <<< [apiv2][body] GET https://firebase.googleapis.com/v1beta1/projects/teksol {"error":{"code":403,"message":"The caller does not have permission","status":"PERMISSION_DENIED"}}
[debug] [2023-08-13T07:25:27.947Z] HTTP Error: 403, The caller does not have permission
[debug] [2023-08-13T07:25:28.614Z] FirebaseError: HTTP Error: 403, The caller does not have permission
    at responseToError (C:\Users\HP\AppData\Roaming\npm\node_modules\firebase-tools\lib\responseToError.js:49:12)
    at RetryOperation._fn (C:\Users\HP\AppData\Roaming\npm\node_modules\firebase-tools\lib\apiv2.js:285:77)
    at process.processTicksAndRejections (node:internal/process/task_queues:95:5)
[error] 
[error] Error: Failed to get Firebase project teksol. Please make sure the project exists and your account has permission to access it.
